Flow report for prubaleds
Sun Nov 09 13:36:59 2025
Quartus II 64-Bit Version 13.0.1 Build 232 06/12/2013 Service Pack 1 SJ Web Edition


---------------------
; Table of Contents ;
---------------------
  1. Legal Notice
  2. Flow Summary
  3. Flow Settings
  4. Flow Non-Default Global Settings
  5. Flow Elapsed Time
  6. Flow OS Summary
  7. Flow Log
  8. Flow Messages
  9. Flow Suppressed Messages



----------------
; Legal Notice ;
----------------
Copyright (C) 1991-2013 Altera Corporation
Your use of Altera Corporation's design tools, logic functions 
and other software and tools, and its AMPP partner logic 
functions, and any output files from any of the foregoing 
(including device programming or simulation files), and any 
associated documentation or information are expressly subject 
to the terms and conditions of the Altera Program License 
Subscription Agreement, Altera MegaCore Function License 
Agreement, or other applicable license agreement, including, 
without limitation, that your use is for the sole purpose of 
programming logic devices manufactured by Altera and sold by 
Altera or its authorized distributors.  Please refer to the 
applicable agreement for further details.



+--------------------------------------------------------------------------------------+
; Flow Summary                                                                         ;
+------------------------------------+-------------------------------------------------+
; Flow Status                        ; Successful - Sun Nov 09 13:36:59 2025           ;
; Quartus II 64-Bit Version          ; 13.0.1 Build 232 06/12/2013 SP 1 SJ Web Edition ;
; Revision Name                      ; prubaleds                                       ;
; Top-level Entity Name              ; Block1                                          ;
; Family                             ; Cyclone IV GX                                   ;
; Total logic elements               ; 34 / 14,400 ( < 1 % )                           ;
;     Total combinational functions  ; 34 / 14,400 ( < 1 % )                           ;
;     Dedicated logic registers      ; 31 / 14,400 ( < 1 % )                           ;
; Total registers                    ; 31                                              ;
; Total pins                         ; 31 / 81 ( 38 % )                                ;
; Total virtual pins                 ; 0                                               ;
; Total memory bits                  ; 0 / 552,960 ( 0 % )                             ;
; Embedded Multiplier 9-bit elements ; 0                                               ;
; Total GXB Receiver Channel PCS     ; 0 / 2 ( 0 % )                                   ;
; Total GXB Receiver Channel PMA     ; 0 / 2 ( 0 % )                                   ;
; Total GXB Transmitter Channel PCS  ; 0 / 2 ( 0 % )                                   ;
; Total GXB Transmitter Channel PMA  ; 0 / 2 ( 0 % )                                   ;
; Total PLLs                         ; 1 / 3 ( 33 % )                                  ;
; Device                             ; EP4CGX15BF14C6                                  ;
; Timing Models                      ; Final                                           ;
+------------------------------------+-------------------------------------------------+


+-----------------------------------------+
; Flow Settings                           ;
+-------------------+---------------------+
; Option            ; Setting             ;
+-------------------+---------------------+
; Start date & time ; 11/09/2025 13:35:12 ;
; Main task         ; Compilation         ;
; Revision Name     ; prubaleds           ;
+-------------------+---------------------+


+---------------------------------------------------------------------------------------------------------------------+
; Flow Non-Default Global Settings                                                                                    ;
+-------------------------------------+--------------------------------+---------------+-------------+----------------+
; Assignment Name                     ; Value                          ; Default Value ; Entity Name ; Section Id     ;
+-------------------------------------+--------------------------------+---------------+-------------+----------------+
; COMPILER_SIGNATURE_ID               ; 53642730898432.176270611208072 ; --            ; --          ; --             ;
; EDA_GENERATE_FUNCTIONAL_NETLIST     ; Off                            ; --            ; --          ; eda_simulation ;
; EDA_OUTPUT_DATA_FORMAT              ; Verilog Hdl                    ; --            ; --          ; eda_simulation ;
; EDA_SIMULATION_TOOL                 ; ModelSim-Altera (Verilog)      ; <None>        ; --          ; --             ;
; EDA_TIME_SCALE                      ; 1 ps                           ; --            ; --          ; eda_simulation ;
; IP_TOOL_NAME                        ; ALTPLL                         ; --            ; --          ; --             ;
; IP_TOOL_NAME                        ; LPM_SHIFTREG                   ; --            ; --          ; --             ;
; IP_TOOL_NAME                        ; LPM_SHIFTREG                   ; --            ; --          ; --             ;
; IP_TOOL_VERSION                     ; 13.0                           ; --            ; --          ; --             ;
; IP_TOOL_VERSION                     ; 13.0                           ; --            ; --          ; --             ;
; IP_TOOL_VERSION                     ; 13.0                           ; --            ; --          ; --             ;
; MISC_FILE                           ; altpll0.bsf                    ; --            ; --          ; --             ;
; MISC_FILE                           ; altpll0.cmp                    ; --            ; --          ; --             ;
; MISC_FILE                           ; altpll0.ppf                    ; --            ; --          ; --             ;
; MISC_FILE                           ; lpm_shiftreg0.bsf              ; --            ; --          ; --             ;
; MISC_FILE                           ; lpm_shiftreg0.cmp              ; --            ; --          ; --             ;
; MISC_FILE                           ; lpm_shiftreg1.bsf              ; --            ; --          ; --             ;
; MISC_FILE                           ; lpm_shiftreg1.cmp              ; --            ; --          ; --             ;
; PARTITION_COLOR                     ; 16764057                       ; --            ; Block1      ; Top            ;
; PARTITION_FITTER_PRESERVATION_LEVEL ; PLACEMENT_AND_ROUTING          ; --            ; Block1      ; Top            ;
; PARTITION_NETLIST_TYPE              ; SOURCE                         ; --            ; Block1      ; Top            ;
; PROJECT_OUTPUT_DIRECTORY            ; output_files                   ; --            ; --          ; --             ;
; TOP_LEVEL_ENTITY                    ; Block1                         ; prubaleds     ; --          ; --             ;
+-------------------------------------+--------------------------------+---------------+-------------+----------------+


+-------------------------------------------------------------------------------------------------------------------------------+
; Flow Elapsed Time                                                                                                             ;
+---------------------------+--------------+-------------------------+---------------------+------------------------------------+
; Module Name               ; Elapsed Time ; Average Processors Used ; Peak Virtual Memory ; Total CPU Time (on all processors) ;
+---------------------------+--------------+-------------------------+---------------------+------------------------------------+
; Analysis & Synthesis      ; 00:00:04     ; 1.0                     ; 4685 MB             ; 00:00:03                           ;
; Fitter                    ; 00:00:08     ; 1.0                     ; 4933 MB             ; 00:00:07                           ;
; Assembler                 ; 00:00:01     ; 1.0                     ; 4597 MB             ; 00:00:02                           ;
; TimeQuest Timing Analyzer ; 00:00:04     ; 1.0                     ; 4638 MB             ; 00:00:03                           ;
; EDA Netlist Writer        ; 00:00:01     ; 1.0                     ; 4554 MB             ; 00:00:01                           ;
; EDA Netlist Writer        ; 00:00:00     ; 1.0                     ; 4556 MB             ; 00:00:01                           ;
; EDA Netlist Writer        ; 00:00:01     ; 1.0                     ; 4572 MB             ; 00:00:01                           ;
; EDA Netlist Writer        ; 00:00:01     ; 1.0                     ; 4556 MB             ; 00:00:01                           ;
; EDA Netlist Writer        ; 00:00:02     ; 1.0                     ; 4572 MB             ; 00:00:01                           ;
; Total                     ; 00:00:22     ; --                      ; --                  ; 00:00:20                           ;
+---------------------------+--------------+-------------------------+---------------------+------------------------------------+


+---------------------------------------------------------------------------------------------+
; Flow OS Summary                                                                             ;
+---------------------------+-----------------------+-----------+------------+----------------+
; Module Name               ; Machine Hostname      ; OS Name   ; OS Version ; Processor type ;
+---------------------------+-----------------------+-----------+------------+----------------+
; Analysis & Synthesis      ; Il-pixelator-maestoso ; Windows 7 ; 6.2        ; x86_64         ;
; Fitter                    ; Il-pixelator-maestoso ; Windows 7 ; 6.2        ; x86_64         ;
; Assembler                 ; Il-pixelator-maestoso ; Windows 7 ; 6.2        ; x86_64         ;
; TimeQuest Timing Analyzer ; Il-pixelator-maestoso ; Windows 7 ; 6.2        ; x86_64         ;
; EDA Netlist Writer        ; Il-pixelator-maestoso ; Windows 7 ; 6.2        ; x86_64         ;
; EDA Netlist Writer        ; Il-pixelator-maestoso ; Windows 7 ; 6.2        ; x86_64         ;
; EDA Netlist Writer        ; Il-pixelator-maestoso ; Windows 7 ; 6.2        ; x86_64         ;
; EDA Netlist Writer        ; Il-pixelator-maestoso ; Windows 7 ; 6.2        ; x86_64         ;
; EDA Netlist Writer        ; Il-pixelator-maestoso ; Windows 7 ; 6.2        ; x86_64         ;
+---------------------------+-----------------------+-----------+------------+----------------+


------------
; Flow Log ;
------------
quartus_map --read_settings_files=on --write_settings_files=off prubaleds -c prubaleds
quartus_fit --read_settings_files=off --write_settings_files=off prubaleds -c prubaleds
quartus_asm --read_settings_files=off --write_settings_files=off prubaleds -c prubaleds
quartus_sta prubaleds -c prubaleds
quartus_eda --read_settings_files=off --write_settings_files=off prubaleds -c prubaleds
quartus_eda --gen_testbench --check_outputs=on --tool=modelsim_oem --format=verilog prubaleds -c prubaleds --vector_source=C:/Users/iniak/Documents/facu/TYDD2/lab_2/Waveform.vwf --testbench_file=./simulation/qsim/prubaleds.vt
quartus_eda --functional=off --timescale=1ps --simulation=on --tool=modelsim_oem --format=verilog prubaleds -c prubaleds
quartus_eda --gen_testbench --check_outputs=on --tool=modelsim_oem --format=verilog prubaleds -c prubaleds --vector_source=C:/Users/iniak/Documents/facu/TYDD2/lab_2/Waveform.vwf --testbench_file=./simulation/qsim/prubaleds.vt
quartus_eda --functional=off --timescale=1ps --simulation=on --tool=modelsim_oem --format=verilog prubaleds -c prubaleds



