Flow report for subsistema4
Mon Nov 10 17:21:24 2025
Quartus II 64-Bit Version 13.0.1 Build 232 06/12/2013 Service Pack 1 SJ Web Edition


---------------------
; Table of Contents ;
---------------------
  1. Legal Notice
  2. Flow Summary
  3. Flow Settings
  4. Flow Non-Default Global Settings
  5. Flow Elapsed Time
  6. Flow OS Summary
  7. Flow Log
  8. Flow Messages
  9. Flow Suppressed Messages



----------------
; Legal Notice ;
----------------
Copyright (C) 1991-2013 Altera Corporation
Your use of Altera Corporation's design tools, logic functions 
and other software and tools, and its AMPP partner logic 
functions, and any output files from any of the foregoing 
(including device programming or simulation files), and any 
associated documentation or information are expressly subject 
to the terms and conditions of the Altera Program License 
Subscription Agreement, Altera MegaCore Function License 
Agreement, or other applicable license agreement, including, 
without limitation, that your use is for the sole purpose of 
programming logic devices manufactured by Altera and sold by 
Altera or its authorized distributors.  Please refer to the 
applicable agreement for further details.



+--------------------------------------------------------------------------------------+
; Flow Summary                                                                         ;
+------------------------------------+-------------------------------------------------+
; Flow Status                        ; Successful - Mon Nov 10 17:21:24 2025           ;
; Quartus II 64-Bit Version          ; 13.0.1 Build 232 06/12/2013 SP 1 SJ Web Edition ;
; Revision Name                      ; subsistema4                                     ;
; Top-level Entity Name              ; subsistema2esquematico                          ;
; Family                             ; Cyclone IV GX                                   ;
; Total logic elements               ; 979 / 14,400 ( 7 % )                            ;
;     Total combinational functions  ; 816 / 14,400 ( 6 % )                            ;
;     Dedicated logic registers      ; 803 / 14,400 ( 6 % )                            ;
; Total registers                    ; 803                                             ;
; Total pins                         ; 23 / 81 ( 28 % )                                ;
; Total virtual pins                 ; 0                                               ;
; Total memory bits                  ; 0 / 552,960 ( 0 % )                             ;
; Embedded Multiplier 9-bit elements ; 0                                               ;
; Total GXB Receiver Channel PCS     ; 0 / 2 ( 0 % )                                   ;
; Total GXB Receiver Channel PMA     ; 0 / 2 ( 0 % )                                   ;
; Total GXB Transmitter Channel PCS  ; 0 / 2 ( 0 % )                                   ;
; Total GXB Transmitter Channel PMA  ; 0 / 2 ( 0 % )                                   ;
; Total PLLs                         ; 1 / 3 ( 33 % )                                  ;
; Device                             ; EP4CGX15BF14C6                                  ;
; Timing Models                      ; Final                                           ;
+------------------------------------+-------------------------------------------------+


+-----------------------------------------+
; Flow Settings                           ;
+-------------------+---------------------+
; Option            ; Setting             ;
+-------------------+---------------------+
; Start date & time ; 11/10/2025 17:20:44 ;
; Main task         ; Compilation         ;
; Revision Name     ; subsistema4         ;
+-------------------+---------------------+


+---------------------------------------------------------------------------------------------------------------------------------+
; Flow Non-Default Global Settings                                                                                                ;
+--------------------------------------+--------------------------------+---------------+------------------------+----------------+
; Assignment Name                      ; Value                          ; Default Value ; Entity Name            ; Section Id     ;
+--------------------------------------+--------------------------------+---------------+------------------------+----------------+
; COMPILER_SIGNATURE_ID                ; 53642730898432.176280604300168 ; --            ; --                     ; --             ;
; EDA_DESIGN_INSTANCE_NAME             ; uut                            ; --            ; --                     ; tb_subsistema2 ;
; EDA_NATIVELINK_SIMULATION_TEST_BENCH ; tb_subsistema2                 ; --            ; --                     ; eda_simulation ;
; EDA_OUTPUT_DATA_FORMAT               ; Vhdl                           ; --            ; --                     ; eda_simulation ;
; EDA_SIMULATION_TOOL                  ; ModelSim-Altera (VHDL)         ; <None>        ; --                     ; --             ;
; EDA_TEST_BENCH_ENABLE_STATUS         ; TEST_BENCH_MODE                ; --            ; --                     ; eda_simulation ;
; EDA_TEST_BENCH_FILE                  ; tb_subsistema2.vhd             ; --            ; --                     ; tb_subsistema2 ;
; EDA_TEST_BENCH_MODULE_NAME           ; tb_subsistema2                 ; --            ; --                     ; tb_subsistema2 ;
; EDA_TEST_BENCH_NAME                  ; tb_subsistema2                 ; --            ; --                     ; eda_simulation ;
; EDA_TEST_BENCH_RUN_SIM_FOR           ; 1 s                            ; --            ; --                     ; tb_subsistema2 ;
; PARTITION_COLOR                      ; 16764057                       ; --            ; subsistema2esquematico ; Top            ;
; PARTITION_FITTER_PRESERVATION_LEVEL  ; PLACEMENT_AND_ROUTING          ; --            ; subsistema2esquematico ; Top            ;
; PARTITION_NETLIST_TYPE               ; SOURCE                         ; --            ; subsistema2esquematico ; Top            ;
; PROJECT_OUTPUT_DIRECTORY             ; output_files                   ; --            ; --                     ; --             ;
; TOP_LEVEL_ENTITY                     ; subsistema2esquematico         ; subsistema4   ; --                     ; --             ;
+--------------------------------------+--------------------------------+---------------+------------------------+----------------+


+-------------------------------------------------------------------------------------------------------------------------------+
; Flow Elapsed Time                                                                                                             ;
+---------------------------+--------------+-------------------------+---------------------+------------------------------------+
; Module Name               ; Elapsed Time ; Average Processors Used ; Peak Virtual Memory ; Total CPU Time (on all processors) ;
+---------------------------+--------------+-------------------------+---------------------+------------------------------------+
; Analysis & Synthesis      ; 00:00:07     ; 1.0                     ; 4698 MB             ; 00:00:06                           ;
; Fitter                    ; 00:00:16     ; 1.0                     ; 4957 MB             ; 00:00:15                           ;
; Assembler                 ; 00:00:02     ; 1.0                     ; 4588 MB             ; 00:00:02                           ;
; TimeQuest Timing Analyzer ; 00:00:07     ; 1.0                     ; 4661 MB             ; 00:00:05                           ;
; EDA Netlist Writer        ; 00:00:03     ; 1.0                     ; 4575 MB             ; 00:00:02                           ;
; Total                     ; 00:00:35     ; --                      ; --                  ; 00:00:30                           ;
+---------------------------+--------------+-------------------------+---------------------+------------------------------------+


+---------------------------------------------------------------------------------------------+
; Flow OS Summary                                                                             ;
+---------------------------+-----------------------+-----------+------------+----------------+
; Module Name               ; Machine Hostname      ; OS Name   ; OS Version ; Processor type ;
+---------------------------+-----------------------+-----------+------------+----------------+
; Analysis & Synthesis      ; Il-pixelator-maestoso ; Windows 7 ; 6.2        ; x86_64         ;
; Fitter                    ; Il-pixelator-maestoso ; Windows 7 ; 6.2        ; x86_64         ;
; Assembler                 ; Il-pixelator-maestoso ; Windows 7 ; 6.2        ; x86_64         ;
; TimeQuest Timing Analyzer ; Il-pixelator-maestoso ; Windows 7 ; 6.2        ; x86_64         ;
; EDA Netlist Writer        ; Il-pixelator-maestoso ; Windows 7 ; 6.2        ; x86_64         ;
+---------------------------+-----------------------+-----------+------------+----------------+


------------
; Flow Log ;
------------
quartus_map --read_settings_files=on --write_settings_files=off subsistema4 -c subsistema4
quartus_fit --read_settings_files=off --write_settings_files=off subsistema4 -c subsistema4
quartus_asm --read_settings_files=off --write_settings_files=off subsistema4 -c subsistema4
quartus_sta subsistema4 -c subsistema4
quartus_eda --read_settings_files=off --write_settings_files=off subsistema4 -c subsistema4



