Flow report for Proyecto_final
Thu Nov 13 09:47:10 2025
Quartus II 64-Bit Version 13.0.1 Build 232 06/12/2013 Service Pack 1 SJ Web Edition


---------------------
; Table of Contents ;
---------------------
  1. Legal Notice
  2. Flow Summary
  3. Flow Settings
  4. Flow Non-Default Global Settings
  5. Flow Elapsed Time
  6. Flow OS Summary
  7. Flow Log
  8. Flow Messages
  9. Flow Suppressed Messages



----------------
; Legal Notice ;
----------------
Copyright (C) 1991-2013 Altera Corporation
Your use of Altera Corporation's design tools, logic functions 
and other software and tools, and its AMPP partner logic 
functions, and any output files from any of the foregoing 
(including device programming or simulation files), and any 
associated documentation or information are expressly subject 
to the terms and conditions of the Altera Program License 
Subscription Agreement, Altera MegaCore Function License 
Agreement, or other applicable license agreement, including, 
without limitation, that your use is for the sole purpose of 
programming logic devices manufactured by Altera and sold by 
Altera or its authorized distributors.  Please refer to the 
applicable agreement for further details.



+--------------------------------------------------------------------------------------+
; Flow Summary                                                                         ;
+------------------------------------+-------------------------------------------------+
; Flow Status                        ; Successful - Thu Nov 13 09:47:10 2025           ;
; Quartus II 64-Bit Version          ; 13.0.1 Build 232 06/12/2013 SP 1 SJ Web Edition ;
; Revision Name                      ; Proyecto_final                                  ;
; Top-level Entity Name              ; teclado                                         ;
; Family                             ; Cyclone III                                     ;
; Device                             ; EP3C120F780C7                                   ;
; Timing Models                      ; Final                                           ;
; Total logic elements               ; 308 / 119,088 ( < 1 % )                         ;
;     Total combinational functions  ; 308 / 119,088 ( < 1 % )                         ;
;     Dedicated logic registers      ; 101 / 119,088 ( < 1 % )                         ;
; Total registers                    ; 101                                             ;
; Total pins                         ; 36 / 532 ( 7 % )                                ;
; Total virtual pins                 ; 0                                               ;
; Total memory bits                  ; 0 / 3,981,312 ( 0 % )                           ;
; Embedded Multiplier 9-bit elements ; 0 / 576 ( 0 % )                                 ;
; Total PLLs                         ; 0 / 4 ( 0 % )                                   ;
+------------------------------------+-------------------------------------------------+


+-----------------------------------------+
; Flow Settings                           ;
+-------------------+---------------------+
; Option            ; Setting             ;
+-------------------+---------------------+
; Start date & time ; 11/12/2025 00:02:05 ;
; Main task         ; Compilation         ;
; Revision Name     ; Proyecto_final      ;
+-------------------+---------------------+


+--------------------------------------------------------------------------------------------------------------------+
; Flow Non-Default Global Settings                                                                                   ;
+-------------------------------------+------------------------------+----------------+-------------+----------------+
; Assignment Name                     ; Value                        ; Default Value  ; Entity Name ; Section Id     ;
+-------------------------------------+------------------------------+----------------+-------------+----------------+
; COMPILER_SIGNATURE_ID               ; 345052807169.176291652519492 ; --             ; --          ; --             ;
; EDA_GENERATE_FUNCTIONAL_NETLIST     ; On                           ; --             ; --          ; eda_simulation ;
; EDA_OUTPUT_DATA_FORMAT              ; Verilog Hdl                  ; --             ; --          ; eda_simulation ;
; EDA_SIMULATION_TOOL                 ; ModelSim-Altera (Verilog)    ; <None>         ; --          ; --             ;
; MAX_CORE_JUNCTION_TEMP              ; 85                           ; --             ; --          ; --             ;
; MIN_CORE_JUNCTION_TEMP              ; 0                            ; --             ; --          ; --             ;
; NOMINAL_CORE_SUPPLY_VOLTAGE         ; 1.2V                         ; --             ; --          ; --             ;
; PARTITION_COLOR                     ; 16764057                     ; --             ; teclado     ; Top            ;
; PARTITION_FITTER_PRESERVATION_LEVEL ; PLACEMENT_AND_ROUTING        ; --             ; teclado     ; Top            ;
; PARTITION_NETLIST_TYPE              ; SOURCE                       ; --             ; teclado     ; Top            ;
; PROJECT_OUTPUT_DIRECTORY            ; output_files                 ; --             ; --          ; --             ;
; TOP_LEVEL_ENTITY                    ; teclado                      ; Proyecto_final ; --          ; --             ;
+-------------------------------------+------------------------------+----------------+-------------+----------------+


+-------------------------------------------------------------------------------------------------------------------------------+
; Flow Elapsed Time                                                                                                             ;
+---------------------------+--------------+-------------------------+---------------------+------------------------------------+
; Module Name               ; Elapsed Time ; Average Processors Used ; Peak Virtual Memory ; Total CPU Time (on all processors) ;
+---------------------------+--------------+-------------------------+---------------------+------------------------------------+
; Analysis & Synthesis      ; 00:00:04     ; 1.0                     ; 4636 MB             ; 00:00:02                           ;
; Fitter                    ; 00:00:21     ; 1.0                     ; 5063 MB             ; 00:00:19                           ;
; Assembler                 ; 00:00:05     ; 1.0                     ; 4573 MB             ; 00:00:05                           ;
; TimeQuest Timing Analyzer ; 00:00:02     ; 1.0                     ; 4657 MB             ; 00:00:02                           ;
; EDA Netlist Writer        ; 00:00:01     ; 1.0                     ; 4518 MB             ; 00:00:01                           ;
; EDA Netlist Writer        ; 00:00:00     ; 1.0                     ; 4526 MB             ; 00:00:01                           ;
; EDA Netlist Writer        ; 00:00:00     ; 1.0                     ; 4526 MB             ; 00:00:01                           ;
; EDA Netlist Writer        ; 00:00:01     ; 1.0                     ; 4526 MB             ; 00:00:01                           ;
; EDA Netlist Writer        ; 00:00:01     ; 1.0                     ; 4526 MB             ; 00:00:01                           ;
; EDA Netlist Writer        ; 00:00:01     ; 1.0                     ; 4526 MB             ; 00:00:00                           ;
; EDA Netlist Writer        ; 00:00:00     ; 1.0                     ; 4526 MB             ; 00:00:01                           ;
; EDA Netlist Writer        ; 00:00:00     ; 1.0                     ; 4526 MB             ; 00:00:00                           ;
; EDA Netlist Writer        ; 00:00:00     ; 1.0                     ; 4526 MB             ; 00:00:01                           ;
; EDA Netlist Writer        ; 00:00:01     ; 1.0                     ; 4526 MB             ; 00:00:01                           ;
; EDA Netlist Writer        ; 00:00:01     ; 1.0                     ; 4526 MB             ; 00:00:01                           ;
; EDA Netlist Writer        ; 00:00:01     ; 1.0                     ; 4526 MB             ; 00:00:00                           ;
; EDA Netlist Writer        ; 00:00:00     ; 1.0                     ; 4526 MB             ; 00:00:01                           ;
; EDA Netlist Writer        ; 00:00:01     ; 1.0                     ; 4526 MB             ; 00:00:01                           ;
; EDA Netlist Writer        ; 00:00:01     ; 1.0                     ; 4526 MB             ; 00:00:01                           ;
; EDA Netlist Writer        ; 00:00:01     ; 1.0                     ; 4526 MB             ; 00:00:01                           ;
; EDA Netlist Writer        ; 00:00:01     ; 1.0                     ; 4526 MB             ; 00:00:01                           ;
; EDA Netlist Writer        ; 00:00:01     ; 1.0                     ; 4526 MB             ; 00:00:01                           ;
; EDA Netlist Writer        ; 00:00:00     ; 1.0                     ; 4526 MB             ; 00:00:00                           ;
; EDA Netlist Writer        ; 00:00:00     ; 1.0                     ; 4526 MB             ; 00:00:01                           ;
; EDA Netlist Writer        ; 00:00:01     ; 1.0                     ; 4526 MB             ; 00:00:01                           ;
; EDA Netlist Writer        ; 00:00:01     ; 1.0                     ; 4526 MB             ; 00:00:01                           ;
; EDA Netlist Writer        ; 00:00:01     ; 1.0                     ; 4526 MB             ; 00:00:01                           ;
; EDA Netlist Writer        ; 00:00:01     ; 1.0                     ; 4526 MB             ; 00:00:01                           ;
; EDA Netlist Writer        ; 00:00:01     ; 1.0                     ; 4526 MB             ; 00:00:01                           ;
; EDA Netlist Writer        ; 00:00:01     ; 1.0                     ; 4526 MB             ; 00:00:01                           ;
; EDA Netlist Writer        ; 00:00:01     ; 1.0                     ; 4526 MB             ; 00:00:01                           ;
; EDA Netlist Writer        ; 00:00:01     ; 1.0                     ; 4526 MB             ; 00:00:01                           ;
; EDA Netlist Writer        ; 00:00:01     ; 1.0                     ; 4526 MB             ; 00:00:01                           ;
; EDA Netlist Writer        ; 00:00:01     ; 1.0                     ; 4526 MB             ; 00:00:01                           ;
; EDA Netlist Writer        ; 00:00:01     ; 1.0                     ; 4526 MB             ; 00:00:01                           ;
; EDA Netlist Writer        ; 00:00:01     ; 1.0                     ; 4526 MB             ; 00:00:01                           ;
; EDA Netlist Writer        ; 00:00:01     ; 1.0                     ; 4526 MB             ; 00:00:01                           ;
; EDA Netlist Writer        ; 00:00:01     ; 1.0                     ; 4526 MB             ; 00:00:01                           ;
; EDA Netlist Writer        ; 00:00:01     ; 1.0                     ; 4526 MB             ; 00:00:01                           ;
; EDA Netlist Writer        ; 00:00:01     ; 1.0                     ; 4526 MB             ; 00:00:01                           ;
; EDA Netlist Writer        ; 00:00:01     ; 1.0                     ; 4526 MB             ; 00:00:01                           ;
; EDA Netlist Writer        ; 00:00:01     ; 1.0                     ; 4526 MB             ; 00:00:00                           ;
; EDA Netlist Writer        ; 00:00:00     ; 1.0                     ; 4526 MB             ; 00:00:01                           ;
; EDA Netlist Writer        ; 00:00:00     ; 1.0                     ; 4526 MB             ; 00:00:00                           ;
; EDA Netlist Writer        ; 00:00:00     ; 1.0                     ; 4526 MB             ; 00:00:00                           ;
; EDA Netlist Writer        ; 00:00:01     ; 1.0                     ; 4526 MB             ; 00:00:00                           ;
; EDA Netlist Writer        ; 00:00:00     ; 1.0                     ; 4526 MB             ; 00:00:01                           ;
; EDA Netlist Writer        ; 00:00:01     ; 1.0                     ; 4526 MB             ; 00:00:00                           ;
; EDA Netlist Writer        ; 00:00:00     ; 1.0                     ; 4526 MB             ; 00:00:00                           ;
; EDA Netlist Writer        ; 00:00:00     ; 1.0                     ; 4526 MB             ; 00:00:00                           ;
; EDA Netlist Writer        ; 00:00:01     ; 1.0                     ; 4526 MB             ; 00:00:00                           ;
; EDA Netlist Writer        ; 00:00:00     ; 1.0                     ; 4526 MB             ; 00:00:01                           ;
; EDA Netlist Writer        ; 00:00:01     ; 1.0                     ; 4526 MB             ; 00:00:01                           ;
; EDA Netlist Writer        ; 00:00:01     ; 1.0                     ; 4526 MB             ; 00:00:01                           ;
; EDA Netlist Writer        ; 00:00:00     ; 1.0                     ; 4526 MB             ; 00:00:01                           ;
; EDA Netlist Writer        ; 00:00:00     ; 1.0                     ; 4526 MB             ; 00:00:01                           ;
; EDA Netlist Writer        ; 00:00:01     ; 1.0                     ; 4526 MB             ; 00:00:01                           ;
; EDA Netlist Writer        ; 00:00:00     ; 1.0                     ; 4526 MB             ; 00:00:01                           ;
; EDA Netlist Writer        ; 00:00:01     ; 1.0                     ; 4526 MB             ; 00:00:01                           ;
; EDA Netlist Writer        ; 00:00:01     ; 1.0                     ; 4526 MB             ; 00:00:01                           ;
; EDA Netlist Writer        ; 00:00:01     ; 1.0                     ; 4526 MB             ; 00:00:01                           ;
; EDA Netlist Writer        ; 00:00:00     ; 1.0                     ; 4526 MB             ; 00:00:01                           ;
; EDA Netlist Writer        ; 00:00:01     ; 1.0                     ; 4526 MB             ; 00:00:01                           ;
; EDA Netlist Writer        ; 00:00:00     ; 1.0                     ; 4526 MB             ; 00:00:01                           ;
; EDA Netlist Writer        ; 00:00:01     ; 1.0                     ; 4526 MB             ; 00:00:01                           ;
; EDA Netlist Writer        ; 00:00:00     ; 1.0                     ; 4526 MB             ; 00:00:01                           ;
; EDA Netlist Writer        ; 00:00:01     ; 1.0                     ; 4526 MB             ; 00:00:01                           ;
; EDA Netlist Writer        ; 00:00:00     ; 1.0                     ; 4526 MB             ; 00:00:01                           ;
; EDA Netlist Writer        ; 00:00:00     ; 1.0                     ; 4526 MB             ; 00:00:01                           ;
; EDA Netlist Writer        ; 00:00:00     ; 1.0                     ; 4526 MB             ; 00:00:01                           ;
; EDA Netlist Writer        ; 00:00:00     ; 1.0                     ; 4526 MB             ; 00:00:01                           ;
; EDA Netlist Writer        ; 00:00:01     ; 1.0                     ; 4526 MB             ; 00:00:01                           ;
; EDA Netlist Writer        ; 00:00:01     ; 1.0                     ; 4526 MB             ; 00:00:01                           ;
; EDA Netlist Writer        ; 00:00:00     ; 1.0                     ; 4526 MB             ; 00:00:00                           ;
; EDA Netlist Writer        ; 00:00:01     ; 1.0                     ; 4526 MB             ; 00:00:01                           ;
; EDA Netlist Writer        ; 00:00:01     ; 1.0                     ; 4526 MB             ; 00:00:01                           ;
; EDA Netlist Writer        ; 00:00:01     ; 1.0                     ; 4526 MB             ; 00:00:01                           ;
; Total                     ; 00:01:19     ; --                      ; --                  ; 00:01:28                           ;
+---------------------------+--------------+-------------------------+---------------------+------------------------------------+


+----------------------------------------------------------------------------------------+
; Flow OS Summary                                                                        ;
+---------------------------+------------------+-----------+------------+----------------+
; Module Name               ; Machine Hostname ; OS Name   ; OS Version ; Processor type ;
+---------------------------+------------------+-----------+------------+----------------+
; Analysis & Synthesis      ; DESKTOP-GUUDPG4  ; Windows 7 ; 6.2        ; x86_64         ;
; Fitter                    ; DESKTOP-GUUDPG4  ; Windows 7 ; 6.2        ; x86_64         ;
; Assembler                 ; DESKTOP-GUUDPG4  ; Windows 7 ; 6.2        ; x86_64         ;
; TimeQuest Timing Analyzer ; DESKTOP-GUUDPG4  ; Windows 7 ; 6.2        ; x86_64         ;
; EDA Netlist Writer        ; DESKTOP-GUUDPG4  ; Windows 7 ; 6.2        ; x86_64         ;
; EDA Netlist Writer        ; DESKTOP-GUUDPG4  ; Windows 7 ; 6.2        ; x86_64         ;
; EDA Netlist Writer        ; DESKTOP-GUUDPG4  ; Windows 7 ; 6.2        ; x86_64         ;
; EDA Netlist Writer        ; DESKTOP-GUUDPG4  ; Windows 7 ; 6.2        ; x86_64         ;
; EDA Netlist Writer        ; DESKTOP-GUUDPG4  ; Windows 7 ; 6.2        ; x86_64         ;
; EDA Netlist Writer        ; DESKTOP-GUUDPG4  ; Windows 7 ; 6.2        ; x86_64         ;
; EDA Netlist Writer        ; DESKTOP-GUUDPG4  ; Windows 7 ; 6.2        ; x86_64         ;
; EDA Netlist Writer        ; DESKTOP-GUUDPG4  ; Windows 7 ; 6.2        ; x86_64         ;
; EDA Netlist Writer        ; DESKTOP-GUUDPG4  ; Windows 7 ; 6.2        ; x86_64         ;
; EDA Netlist Writer        ; DESKTOP-GUUDPG4  ; Windows 7 ; 6.2        ; x86_64         ;
; EDA Netlist Writer        ; DESKTOP-GUUDPG4  ; Windows 7 ; 6.2        ; x86_64         ;
; EDA Netlist Writer        ; DESKTOP-GUUDPG4  ; Windows 7 ; 6.2        ; x86_64         ;
; EDA Netlist Writer        ; DESKTOP-GUUDPG4  ; Windows 7 ; 6.2        ; x86_64         ;
; EDA Netlist Writer        ; DESKTOP-GUUDPG4  ; Windows 7 ; 6.2        ; x86_64         ;
; EDA Netlist Writer        ; DESKTOP-GUUDPG4  ; Windows 7 ; 6.2        ; x86_64         ;
; EDA Netlist Writer        ; DESKTOP-GUUDPG4  ; Windows 7 ; 6.2        ; x86_64         ;
; EDA Netlist Writer        ; DESKTOP-GUUDPG4  ; Windows 7 ; 6.2        ; x86_64         ;
; EDA Netlist Writer        ; DESKTOP-GUUDPG4  ; Windows 7 ; 6.2        ; x86_64         ;
; EDA Netlist Writer        ; DESKTOP-GUUDPG4  ; Windows 7 ; 6.2        ; x86_64         ;
; EDA Netlist Writer        ; DESKTOP-GUUDPG4  ; Windows 7 ; 6.2        ; x86_64         ;
; EDA Netlist Writer        ; DESKTOP-GUUDPG4  ; Windows 7 ; 6.2        ; x86_64         ;
; EDA Netlist Writer        ; DESKTOP-GUUDPG4  ; Windows 7 ; 6.2        ; x86_64         ;
; EDA Netlist Writer        ; DESKTOP-GUUDPG4  ; Windows 7 ; 6.2        ; x86_64         ;
; EDA Netlist Writer        ; DESKTOP-GUUDPG4  ; Windows 7 ; 6.2        ; x86_64         ;
; EDA Netlist Writer        ; DESKTOP-GUUDPG4  ; Windows 7 ; 6.2        ; x86_64         ;
; EDA Netlist Writer        ; DESKTOP-GUUDPG4  ; Windows 7 ; 6.2        ; x86_64         ;
; EDA Netlist Writer        ; DESKTOP-GUUDPG4  ; Windows 7 ; 6.2        ; x86_64         ;
; EDA Netlist Writer        ; DESKTOP-GUUDPG4  ; Windows 7 ; 6.2        ; x86_64         ;
; EDA Netlist Writer        ; DESKTOP-GUUDPG4  ; Windows 7 ; 6.2        ; x86_64         ;
; EDA Netlist Writer        ; DESKTOP-GUUDPG4  ; Windows 7 ; 6.2        ; x86_64         ;
; EDA Netlist Writer        ; DESKTOP-GUUDPG4  ; Windows 7 ; 6.2        ; x86_64         ;
; EDA Netlist Writer        ; DESKTOP-GUUDPG4  ; Windows 7 ; 6.2        ; x86_64         ;
; EDA Netlist Writer        ; DESKTOP-GUUDPG4  ; Windows 7 ; 6.2        ; x86_64         ;
; EDA Netlist Writer        ; DESKTOP-GUUDPG4  ; Windows 7 ; 6.2        ; x86_64         ;
; EDA Netlist Writer        ; DESKTOP-GUUDPG4  ; Windows 7 ; 6.2        ; x86_64         ;
; EDA Netlist Writer        ; DESKTOP-GUUDPG4  ; Windows 7 ; 6.2        ; x86_64         ;
; EDA Netlist Writer        ; DESKTOP-GUUDPG4  ; Windows 7 ; 6.2        ; x86_64         ;
; EDA Netlist Writer        ; DESKTOP-GUUDPG4  ; Windows 7 ; 6.2        ; x86_64         ;
; EDA Netlist Writer        ; DESKTOP-GUUDPG4  ; Windows 7 ; 6.2        ; x86_64         ;
; EDA Netlist Writer        ; DESKTOP-GUUDPG4  ; Windows 7 ; 6.2        ; x86_64         ;
; EDA Netlist Writer        ; DESKTOP-GUUDPG4  ; Windows 7 ; 6.2        ; x86_64         ;
; EDA Netlist Writer        ; DESKTOP-GUUDPG4  ; Windows 7 ; 6.2        ; x86_64         ;
; EDA Netlist Writer        ; DESKTOP-GUUDPG4  ; Windows 7 ; 6.2        ; x86_64         ;
; EDA Netlist Writer        ; DESKTOP-GUUDPG4  ; Windows 7 ; 6.2        ; x86_64         ;
; EDA Netlist Writer        ; DESKTOP-GUUDPG4  ; Windows 7 ; 6.2        ; x86_64         ;
; EDA Netlist Writer        ; DESKTOP-GUUDPG4  ; Windows 7 ; 6.2        ; x86_64         ;
; EDA Netlist Writer        ; DESKTOP-GUUDPG4  ; Windows 7 ; 6.2        ; x86_64         ;
; EDA Netlist Writer        ; DESKTOP-GUUDPG4  ; Windows 7 ; 6.2        ; x86_64         ;
; EDA Netlist Writer        ; DESKTOP-GUUDPG4  ; Windows 7 ; 6.2        ; x86_64         ;
; EDA Netlist Writer        ; DESKTOP-GUUDPG4  ; Windows 7 ; 6.2        ; x86_64         ;
; EDA Netlist Writer        ; DESKTOP-GUUDPG4  ; Windows 7 ; 6.2        ; x86_64         ;
; EDA Netlist Writer        ; DESKTOP-GUUDPG4  ; Windows 7 ; 6.2        ; x86_64         ;
; EDA Netlist Writer        ; DESKTOP-GUUDPG4  ; Windows 7 ; 6.2        ; x86_64         ;
; EDA Netlist Writer        ; DESKTOP-GUUDPG4  ; Windows 7 ; 6.2        ; x86_64         ;
; EDA Netlist Writer        ; DESKTOP-GUUDPG4  ; Windows 7 ; 6.2        ; x86_64         ;
; EDA Netlist Writer        ; DESKTOP-GUUDPG4  ; Windows 7 ; 6.2        ; x86_64         ;
; EDA Netlist Writer        ; DESKTOP-GUUDPG4  ; Windows 7 ; 6.2        ; x86_64         ;
; EDA Netlist Writer        ; DESKTOP-GUUDPG4  ; Windows 7 ; 6.2        ; x86_64         ;
; EDA Netlist Writer        ; DESKTOP-GUUDPG4  ; Windows 7 ; 6.2        ; x86_64         ;
; EDA Netlist Writer        ; DESKTOP-GUUDPG4  ; Windows 7 ; 6.2        ; x86_64         ;
; EDA Netlist Writer        ; DESKTOP-GUUDPG4  ; Windows 7 ; 6.2        ; x86_64         ;
; EDA Netlist Writer        ; DESKTOP-GUUDPG4  ; Windows 7 ; 6.2        ; x86_64         ;
; EDA Netlist Writer        ; DESKTOP-GUUDPG4  ; Windows 7 ; 6.2        ; x86_64         ;
; EDA Netlist Writer        ; DESKTOP-GUUDPG4  ; Windows 7 ; 6.2        ; x86_64         ;
; EDA Netlist Writer        ; DESKTOP-GUUDPG4  ; Windows 7 ; 6.2        ; x86_64         ;
; EDA Netlist Writer        ; DESKTOP-GUUDPG4  ; Windows 7 ; 6.2        ; x86_64         ;
; EDA Netlist Writer        ; DESKTOP-GUUDPG4  ; Windows 7 ; 6.2        ; x86_64         ;
; EDA Netlist Writer        ; DESKTOP-GUUDPG4  ; Windows 7 ; 6.2        ; x86_64         ;
; EDA Netlist Writer        ; DESKTOP-GUUDPG4  ; Windows 7 ; 6.2        ; x86_64         ;
; EDA Netlist Writer        ; DESKTOP-GUUDPG4  ; Windows 7 ; 6.2        ; x86_64         ;
; EDA Netlist Writer        ; DESKTOP-GUUDPG4  ; Windows 7 ; 6.2        ; x86_64         ;
; EDA Netlist Writer        ; DESKTOP-GUUDPG4  ; Windows 7 ; 6.2        ; x86_64         ;
; EDA Netlist Writer        ; DESKTOP-GUUDPG4  ; Windows 7 ; 6.2        ; x86_64         ;
+---------------------------+------------------+-----------+------------+----------------+


------------
; Flow Log ;
------------
quartus_map --read_settings_files=on --write_settings_files=off Proyecto_final -c Proyecto_final
quartus_fit --read_settings_files=off --write_settings_files=off Proyecto_final -c Proyecto_final
quartus_asm --read_settings_files=off --write_settings_files=off Proyecto_final -c Proyecto_final
quartus_sta Proyecto_final -c Proyecto_final
quartus_eda --read_settings_files=off --write_settings_files=off Proyecto_final -c Proyecto_final
quartus_eda --gen_testbench --check_outputs=on --tool=modelsim_oem --format=verilog Proyecto_final -c Proyecto_final --vector_source="C:/Users/crist/Documents/academico/Tecnicas y dispositivos digitales 2/Proyecto final/TATETI/Teclado/Waveform.vwf" --testbench_file=./simulation/qsim/Proyecto_final.vt
quartus_eda --functional=on --simulation=on --tool=modelsim_oem --format=verilog Proyecto_final -c Proyecto_final
quartus_eda --gen_testbench --check_outputs=on --tool=modelsim_oem --format=verilog Proyecto_final -c Proyecto_final --vector_source="C:/Users/crist/Documents/academico/Tecnicas y dispositivos digitales 2/Proyecto final/TATETI/Teclado/test_teclas_1234.vwf" --testbench_file=./simulation/qsim/Proyecto_final.vt
quartus_eda --functional=on --simulation=on --tool=modelsim_oem --format=verilog Proyecto_final -c Proyecto_final
quartus_eda --gen_testbench --check_outputs=on --tool=modelsim_oem --format=verilog Proyecto_final -c Proyecto_final --vector_source="C:/Users/crist/Documents/academico/Tecnicas y dispositivos digitales 2/Proyecto final/TATETI/Teclado/test_teclas_1234.vwf" --testbench_file=./simulation/qsim/Proyecto_final.vt
quartus_eda --functional=on --simulation=on --tool=modelsim_oem --format=verilog Proyecto_final -c Proyecto_final
quartus_eda --gen_testbench --check_outputs=on --tool=modelsim_oem --format=verilog Proyecto_final -c Proyecto_final --vector_source="C:/Users/crist/Documents/academico/Tecnicas y dispositivos digitales 2/Proyecto final/TATETI/Teclado/test_teclas_1234.vwf" --testbench_file=./simulation/qsim/Proyecto_final.vt
quartus_eda --functional=on --simulation=on --tool=modelsim_oem --format=verilog Proyecto_final -c Proyecto_final
quartus_eda --gen_testbench --check_outputs=on --tool=modelsim_oem --format=verilog Proyecto_final -c Proyecto_final --vector_source="C:/Users/crist/Documents/academico/Tecnicas y dispositivos digitales 2/Proyecto final/TATETI/Teclado/test_teclas_1234.vwf" --testbench_file=./simulation/qsim/Proyecto_final.vt
quartus_eda --functional=on --simulation=on --tool=modelsim_oem --format=verilog Proyecto_final -c Proyecto_final
quartus_eda --gen_testbench --check_outputs=on --tool=modelsim_oem --format=verilog Proyecto_final -c Proyecto_final --vector_source="C:/Users/crist/Documents/academico/Tecnicas y dispositivos digitales 2/Proyecto final/TATETI/Teclado/test_teclas_1234.vwf" --testbench_file=./simulation/qsim/Proyecto_final.vt
quartus_eda --functional=on --simulation=on --tool=modelsim_oem --format=verilog Proyecto_final -c Proyecto_final
quartus_eda --gen_testbench --check_outputs=on --tool=modelsim_oem --format=verilog Proyecto_final -c Proyecto_final --vector_source="C:/Users/crist/Documents/academico/Tecnicas y dispositivos digitales 2/Proyecto final/TATETI/Teclado/test_teclas_1234.vwf" --testbench_file=./simulation/qsim/Proyecto_final.vt
quartus_eda --functional=on --simulation=on --tool=modelsim_oem --format=verilog Proyecto_final -c Proyecto_final
quartus_eda --gen_testbench --check_outputs=on --tool=modelsim_oem --format=verilog Proyecto_final -c Proyecto_final --vector_source="C:/Users/crist/Documents/academico/Tecnicas y dispositivos digitales 2/Proyecto final/TATETI/Teclado/test_teclas_1234.vwf" --testbench_file=./simulation/qsim/Proyecto_final.vt
quartus_eda --functional=on --simulation=on --tool=modelsim_oem --format=verilog Proyecto_final -c Proyecto_final
quartus_eda --gen_testbench --check_outputs=on --tool=modelsim_oem --format=verilog Proyecto_final -c Proyecto_final --vector_source="C:/Users/crist/Documents/academico/Tecnicas y dispositivos digitales 2/Proyecto final/TATETI/Teclado/test_teclas_1234.vwf" --testbench_file=./simulation/qsim/Proyecto_final.vt
quartus_eda --functional=on --simulation=on --tool=modelsim_oem --format=verilog Proyecto_final -c Proyecto_final
quartus_eda --gen_testbench --check_outputs=on --tool=modelsim_oem --format=verilog Proyecto_final -c Proyecto_final --vector_source="C:/Users/crist/Documents/academico/Tecnicas y dispositivos digitales 2/Proyecto final/TATETI/Teclado/test_teclas_1234.vwf" --testbench_file=./simulation/qsim/Proyecto_final.vt
quartus_eda --functional=on --simulation=on --tool=modelsim_oem --format=verilog Proyecto_final -c Proyecto_final
quartus_eda --gen_testbench --check_outputs=on --tool=modelsim_oem --format=verilog Proyecto_final -c Proyecto_final --vector_source="C:/Users/crist/Documents/academico/Tecnicas y dispositivos digitales 2/Proyecto final/TATETI/Teclado/test_teclas_1234.vwf" --testbench_file=./simulation/qsim/Proyecto_final.vt
quartus_eda --functional=on --simulation=on --tool=modelsim_oem --format=verilog Proyecto_final -c Proyecto_final
quartus_eda --gen_testbench --check_outputs=on --tool=modelsim_oem --format=verilog Proyecto_final -c Proyecto_final --vector_source="C:/Users/crist/Documents/academico/Tecnicas y dispositivos digitales 2/Proyecto final/TATETI/Teclado/test_teclas_1234.vwf" --testbench_file=./simulation/qsim/Proyecto_final.vt
quartus_eda --functional=on --simulation=on --tool=modelsim_oem --format=verilog Proyecto_final -c Proyecto_final
quartus_eda --gen_testbench --check_outputs=on --tool=modelsim_oem --format=verilog Proyecto_final -c Proyecto_final --vector_source="C:/Users/crist/Documents/academico/Tecnicas y dispositivos digitales 2/Proyecto final/TATETI/Teclado/test_teclas_1234.vwf" --testbench_file=./simulation/qsim/Proyecto_final.vt
quartus_eda --functional=on --simulation=on --tool=modelsim_oem --format=verilog Proyecto_final -c Proyecto_final
quartus_eda --gen_testbench --check_outputs=on --tool=modelsim_oem --format=verilog Proyecto_final -c Proyecto_final --vector_source="C:/Users/crist/Documents/academico/Tecnicas y dispositivos digitales 2/Proyecto final/TATETI/Teclado/test_teclas_1234.vwf" --testbench_file=./simulation/qsim/Proyecto_final.vt
quartus_eda --functional=on --simulation=on --tool=modelsim_oem --format=verilog Proyecto_final -c Proyecto_final
quartus_eda --gen_testbench --check_outputs=on --tool=modelsim_oem --format=verilog Proyecto_final -c Proyecto_final --vector_source="C:/Users/crist/Documents/academico/Tecnicas y dispositivos digitales 2/Proyecto final/TATETI/Teclado/test_teclas_1234.vwf" --testbench_file=./simulation/qsim/Proyecto_final.vt
quartus_eda --functional=on --simulation=on --tool=modelsim_oem --format=verilog Proyecto_final -c Proyecto_final
quartus_eda --gen_testbench --check_outputs=on --tool=modelsim_oem --format=verilog Proyecto_final -c Proyecto_final --vector_source="C:/Users/crist/Documents/academico/Tecnicas y dispositivos digitales 2/Proyecto final/TATETI/Teclado/test_teclas_1234.vwf" --testbench_file=./simulation/qsim/Proyecto_final.vt
quartus_eda --functional=on --simulation=on --tool=modelsim_oem --format=verilog Proyecto_final -c Proyecto_final
quartus_eda --gen_testbench --check_outputs=on --tool=modelsim_oem --format=verilog Proyecto_final -c Proyecto_final --vector_source="C:/Users/crist/Documents/academico/Tecnicas y dispositivos digitales 2/Proyecto final/TATETI/Teclado/test_teclas_1234.vwf" --testbench_file=./simulation/qsim/Proyecto_final.vt
quartus_eda --functional=on --simulation=on --tool=modelsim_oem --format=verilog Proyecto_final -c Proyecto_final
quartus_eda --gen_testbench --check_outputs=on --tool=modelsim_oem --format=verilog Proyecto_final -c Proyecto_final --vector_source="C:/Users/crist/Documents/academico/Tecnicas y dispositivos digitales 2/Proyecto final/TATETI/Teclado/test_teclas_5678.vwf" --testbench_file=./simulation/qsim/Proyecto_final.vt
quartus_eda --functional=on --simulation=on --tool=modelsim_oem --format=verilog Proyecto_final -c Proyecto_final
quartus_eda --gen_testbench --check_outputs=on --tool=modelsim_oem --format=verilog Proyecto_final -c Proyecto_final --vector_source="C:/Users/crist/Documents/academico/Tecnicas y dispositivos digitales 2/Proyecto final/TATETI/Teclado/test_teclas_1234.vwf" --testbench_file=./simulation/qsim/Proyecto_final.vt
quartus_eda --functional=on --simulation=on --tool=modelsim_oem --format=verilog Proyecto_final -c Proyecto_final
quartus_eda --gen_testbench --check_outputs=on --tool=modelsim_oem --format=verilog Proyecto_final -c Proyecto_final --vector_source="C:/Users/crist/Documents/academico/Tecnicas y dispositivos digitales 2/Proyecto final/TATETI/Teclado/test_teclas_5678.vwf" --testbench_file=./simulation/qsim/Proyecto_final.vt
quartus_eda --functional=on --simulation=on --tool=modelsim_oem --format=verilog Proyecto_final -c Proyecto_final
quartus_eda --gen_testbench --check_outputs=on --tool=modelsim_oem --format=verilog Proyecto_final -c Proyecto_final --vector_source="C:/Users/crist/Documents/academico/Tecnicas y dispositivos digitales 2/Proyecto final/TATETI/Teclado/test_teclas_5678.vwf" --testbench_file=./simulation/qsim/Proyecto_final.vt
quartus_eda --functional=on --simulation=on --tool=modelsim_oem --format=verilog Proyecto_final -c Proyecto_final
quartus_eda --gen_testbench --check_outputs=on --tool=modelsim_oem --format=verilog Proyecto_final -c Proyecto_final --vector_source="C:/Users/crist/Documents/academico/Tecnicas y dispositivos digitales 2/Proyecto final/TATETI/Teclado/test_teclas_1234.vwf" --testbench_file=./simulation/qsim/Proyecto_final.vt
quartus_eda --functional=on --simulation=on --tool=modelsim_oem --format=verilog Proyecto_final -c Proyecto_final
quartus_eda --gen_testbench --check_outputs=on --tool=modelsim_oem --format=verilog Proyecto_final -c Proyecto_final --vector_source="C:/Users/crist/Documents/academico/Tecnicas y dispositivos digitales 2/Proyecto final/TATETI/Teclado/test_teclas_1234.vwf" --testbench_file=./simulation/qsim/Proyecto_final.vt
quartus_eda --functional=on --simulation=on --tool=modelsim_oem --format=verilog Proyecto_final -c Proyecto_final
quartus_eda --gen_testbench --check_outputs=on --tool=modelsim_oem --format=verilog Proyecto_final -c Proyecto_final --vector_source="C:/Users/crist/Documents/academico/Tecnicas y dispositivos digitales 2/Proyecto final/TATETI/Teclado/test_teclas_5678.vwf" --testbench_file=./simulation/qsim/Proyecto_final.vt
quartus_eda --functional=on --simulation=on --tool=modelsim_oem --format=verilog Proyecto_final -c Proyecto_final
quartus_eda --gen_testbench --check_outputs=on --tool=modelsim_oem --format=verilog Proyecto_final -c Proyecto_final --vector_source="C:/Users/crist/Documents/academico/Tecnicas y dispositivos digitales 2/Proyecto final/TATETI/Teclado/test_teclas_9101112.vwf" --testbench_file=./simulation/qsim/Proyecto_final.vt
quartus_eda --functional=on --simulation=on --tool=modelsim_oem --format=verilog Proyecto_final -c Proyecto_final
quartus_eda --gen_testbench --check_outputs=on --tool=modelsim_oem --format=verilog Proyecto_final -c Proyecto_final --vector_source="C:/Users/crist/Documents/academico/Tecnicas y dispositivos digitales 2/Proyecto final/TATETI/Teclado/test_teclas_9101112.vwf" --testbench_file=./simulation/qsim/Proyecto_final.vt
quartus_eda --functional=on --simulation=on --tool=modelsim_oem --format=verilog Proyecto_final -c Proyecto_final
quartus_eda --gen_testbench --check_outputs=on --tool=modelsim_oem --format=verilog Proyecto_final -c Proyecto_final --vector_source="C:/Users/crist/Documents/academico/Tecnicas y dispositivos digitales 2/Proyecto final/TATETI/Teclado/test_teclas_9101112.vwf" --testbench_file=./simulation/qsim/Proyecto_final.vt
quartus_eda --functional=on --simulation=on --tool=modelsim_oem --format=verilog Proyecto_final -c Proyecto_final
quartus_eda --gen_testbench --check_outputs=on --tool=modelsim_oem --format=verilog Proyecto_final -c Proyecto_final --vector_source="C:/Users/crist/Documents/academico/Tecnicas y dispositivos digitales 2/Proyecto final/TATETI/Teclado/test_teclas_9101112.vwf" --testbench_file=./simulation/qsim/Proyecto_final.vt
quartus_eda --functional=on --simulation=on --tool=modelsim_oem --format=verilog Proyecto_final -c Proyecto_final
quartus_eda --gen_testbench --check_outputs=on --tool=modelsim_oem --format=verilog Proyecto_final -c Proyecto_final --vector_source="C:/Users/crist/Documents/academico/Tecnicas y dispositivos digitales 2/Proyecto final/TATETI/Teclado/test_teclas_9101112.vwf" --testbench_file=./simulation/qsim/Proyecto_final.vt
quartus_eda --functional=on --simulation=on --tool=modelsim_oem --format=verilog Proyecto_final -c Proyecto_final
quartus_eda --gen_testbench --check_outputs=on --tool=modelsim_oem --format=verilog Proyecto_final -c Proyecto_final --vector_source="C:/Users/crist/Documents/academico/Tecnicas y dispositivos digitales 2/Proyecto final/TATETI/Teclado/test_teclas_13141516.vwf" --testbench_file=./simulation/qsim/Proyecto_final.vt
quartus_eda --functional=on --simulation=on --tool=modelsim_oem --format=verilog Proyecto_final -c Proyecto_final
quartus_eda --gen_testbench --check_outputs=on --tool=modelsim_oem --format=verilog Proyecto_final -c Proyecto_final --vector_source="C:/Users/crist/Documents/academico/Tecnicas y dispositivos digitales 2/Proyecto final/TATETI/Teclado/test_teclas_13141516.vwf" --testbench_file=./simulation/qsim/Proyecto_final.vt
quartus_eda --functional=on --simulation=on --tool=modelsim_oem --format=verilog Proyecto_final -c Proyecto_final
quartus_eda --gen_testbench --check_outputs=on --tool=modelsim_oem --format=verilog Proyecto_final -c Proyecto_final --vector_source="C:/Users/crist/Documents/academico/Tecnicas y dispositivos digitales 2/Proyecto final/TATETI/Teclado/test_teclas_1234.vwf" --testbench_file=./simulation/qsim/Proyecto_final.vt
quartus_eda --functional=on --simulation=on --tool=modelsim_oem --format=verilog Proyecto_final -c Proyecto_final
quartus_eda --gen_testbench --check_outputs=on --tool=modelsim_oem --format=verilog Proyecto_final -c Proyecto_final --vector_source="C:/Users/crist/Documents/academico/Tecnicas y dispositivos digitales 2/Proyecto final/TATETI/Teclado/test_teclas_1234.vwf" --testbench_file=./simulation/qsim/Proyecto_final.vt
quartus_eda --functional=on --simulation=on --tool=modelsim_oem --format=verilog Proyecto_final -c Proyecto_final
quartus_eda --gen_testbench --check_outputs=on --tool=modelsim_oem --format=verilog Proyecto_final -c Proyecto_final --vector_source="C:/Users/crist/Documents/academico/Tecnicas y dispositivos digitales 2/Proyecto final/TATETI/Teclado/test_teclas_5678.vwf" --testbench_file=./simulation/qsim/Proyecto_final.vt
quartus_eda --functional=on --simulation=on --tool=modelsim_oem --format=verilog Proyecto_final -c Proyecto_final
quartus_eda --gen_testbench --check_outputs=on --tool=modelsim_oem --format=verilog Proyecto_final -c Proyecto_final --vector_source="C:/Users/crist/Documents/academico/Tecnicas y dispositivos digitales 2/Proyecto final/TATETI/Teclado/test_teclas_9101112.vwf" --testbench_file=./simulation/qsim/Proyecto_final.vt
quartus_eda --functional=on --simulation=on --tool=modelsim_oem --format=verilog Proyecto_final -c Proyecto_final
quartus_eda --gen_testbench --check_outputs=on --tool=modelsim_oem --format=verilog Proyecto_final -c Proyecto_final --vector_source="C:/Users/crist/Documents/academico/Tecnicas y dispositivos digitales 2/Proyecto final/TATETI/Teclado/test_teclas_13141516.vwf" --testbench_file=./simulation/qsim/Proyecto_final.vt
quartus_eda --functional=on --simulation=on --tool=modelsim_oem --format=verilog Proyecto_final -c Proyecto_final



